<?xml version="1.0" encoding="UTF-8"?>
<testsuite name="Cucumber" time="61.651" tests="4" skipped="0" failures="4" errors="0">
<testcase classname="Medunna Room Creation" name="Create Room - Example #1.1" time="18.083">
<failure/>
<system-out><![CDATA[
Given user is on "https://medunna.com" page.................................passed
When click on user icon.....................................................passed
And click on Sign In option.................................................passed
And enter "john_doe" in username input......................................passed
And enter "John.123" in password input......................................passed
And click on Remember Me checkbox...........................................passed
And click on Sign In submit button..........................................passed
When click on Items&Titles..................................................passed
And click on Room options...................................................undefined
And click on Create a new room button.......................................skipped
And enter "78907654" in Room Number input...................................skipped
And select Suitoption from Room Type dropdown...............................skipped
And click on status checkbox................................................skipped
And enter "345 in Price input...............................................skipped
And enter "<Description>" in Description input..............................skipped
And click on Save button....................................................skipped
And click on Created Date...................................................skipped
Then assert that room is created via "78907654".............................skipped
Then close the application..................................................skipped
]]></system-out>
</testcase>
<testcase classname="Medunna Room Creation" name="Create Room - Example #1.2" time="14.893">
<failure type="org.openqa.selenium.NoSuchElementException" message="no such element: Unable to locate element: {&quot;method&quot;:&quot;css selector&quot;,&quot;selector&quot;:&quot;#login\-item&quot;}
  (Session info: chrome=109.0.5414.119)
For documentation on this error, please visit: https://selenium.dev/exceptions/#no_such_element
Build info: version: '4.7.2', revision: '4d4020c3b7'
System info: os.name: 'Mac OS X', os.arch: 'x86_64', os.version: '12.6', java.version: '17.0.4.1'
Driver info: org.openqa.selenium.chrome.ChromeDriver
Command: [29ae8ec5116132eab1766c68823163ec, findElement {using=id, value=login-item}]
Capabilities {acceptInsecureCerts: false, browserName: chrome, browserVersion: 109.0.5414.119, chrome: {chromedriverVersion: 109.0.5414.74 (e7c5703604da..., userDataDir: /var/folders/s0/pt2hy6412v3...}, goog:chromeOptions: {debuggerAddress: localhost:61434}, networkConnectionEnabled: false, pageLoadStrategy: normal, platformName: MAC, proxy: Proxy(), se:cdp: ws://localhost:61434/devtoo..., se:cdpVersion: 109.0.5414.119, setWindowRect: true, strictFileInteractability: false, timeouts: {implicit: 0, pageLoad: 300000, script: 30000}, unhandledPromptBehavior: dismiss and notify, webauthn:extension:credBlob: true, webauthn:extension:largeBlob: true, webauthn:virtualAuthenticators: true}
Session ID: 29ae8ec5116132eab1766c68823163ec">
<![CDATA[org.openqa.selenium.NoSuchElementException: no such element: Unable to locate element: {"method":"css selector","selector":"#login\-item"}
  (Session info: chrome=109.0.5414.119)
For documentation on this error, please visit: https://selenium.dev/exceptions/#no_such_element
Build info: version: '4.7.2', revision: '4d4020c3b7'
System info: os.name: 'Mac OS X', os.arch: 'x86_64', os.version: '12.6', java.version: '17.0.4.1'
Driver info: org.openqa.selenium.chrome.ChromeDriver
Command: [29ae8ec5116132eab1766c68823163ec, findElement {using=id, value=login-item}]
Capabilities {acceptInsecureCerts: false, browserName: chrome, browserVersion: 109.0.5414.119, chrome: {chromedriverVersion: 109.0.5414.74 (e7c5703604da..., userDataDir: /var/folders/s0/pt2hy6412v3...}, goog:chromeOptions: {debuggerAddress: localhost:61434}, networkConnectionEnabled: false, pageLoadStrategy: normal, platformName: MAC, proxy: Proxy(), se:cdp: ws://localhost:61434/devtoo..., se:cdpVersion: 109.0.5414.119, setWindowRect: true, strictFileInteractability: false, timeouts: {implicit: 0, pageLoad: 300000, script: 30000}, unhandledPromptBehavior: dismiss and notify, webauthn:extension:credBlob: true, webauthn:extension:largeBlob: true, webauthn:virtualAuthenticators: true}
Session ID: 29ae8ec5116132eab1766c68823163ec
	at java.base/jdk.internal.reflect.NativeConstructorAccessorImpl.newInstance0(Native Method)
	at java.base/jdk.internal.reflect.NativeConstructorAccessorImpl.newInstance(NativeConstructorAccessorImpl.java:77)
	at java.base/jdk.internal.reflect.DelegatingConstructorAccessorImpl.newInstance(DelegatingConstructorAccessorImpl.java:45)
	at java.base/java.lang.reflect.Constructor.newInstanceWithCaller(Constructor.java:499)
	at java.base/java.lang.reflect.Constructor.newInstance(Constructor.java:480)
	at org.openqa.selenium.remote.codec.w3c.W3CHttpResponseCodec.createException(W3CHttpResponseCodec.java:200)
	at org.openqa.selenium.remote.codec.w3c.W3CHttpResponseCodec.decode(W3CHttpResponseCodec.java:133)
	at org.openqa.selenium.remote.codec.w3c.W3CHttpResponseCodec.decode(W3CHttpResponseCodec.java:53)
	at org.openqa.selenium.remote.HttpCommandExecutor.execute(HttpCommandExecutor.java:184)
	at org.openqa.selenium.remote.service.DriverCommandExecutor.invokeExecute(DriverCommandExecutor.java:167)
	at org.openqa.selenium.remote.service.DriverCommandExecutor.execute(DriverCommandExecutor.java:142)
	at org.openqa.selenium.remote.RemoteWebDriver.execute(RemoteWebDriver.java:535)
	at org.openqa.selenium.remote.ElementLocation$ElementFinder$2.findElement(ElementLocation.java:162)
	at org.openqa.selenium.remote.ElementLocation.findElement(ElementLocation.java:60)
	at org.openqa.selenium.remote.RemoteWebDriver.findElement(RemoteWebDriver.java:351)
	at org.openqa.selenium.remote.RemoteWebDriver.findElement(RemoteWebDriver.java:343)
	at org.openqa.selenium.support.pagefactory.DefaultElementLocator.findElement(DefaultElementLocator.java:70)
	at org.openqa.selenium.support.pagefactory.internal.LocatingElementHandler.invoke(LocatingElementHandler.java:39)
	at jdk.proxy2/jdk.proxy2.$Proxy25.click(Unknown Source)
	at stepdefinitions.MedunnaSignInStepDefs.click_on_sign_in_option(MedunnaSignInStepDefs.java:22)
	at ✽.click on Sign In option(file:///Users/elifkayaatsiz/IdeaProjects/my-cucumber-project/./src/test/resources/feautures/medunna_room.feature:7)
]]>
</failure>
<system-out><![CDATA[
Given user is on "https://medunna.com" page.................................passed
When click on user icon.....................................................passed
And click on Sign In option.................................................failed
And enter "john_doe" in username input......................................skipped
And enter "John.123" in password input......................................skipped
And click on Remember Me checkbox...........................................skipped
And click on Sign In submit button..........................................skipped
When click on Items&Titles..................................................skipped
And click on Room options...................................................skipped
And click on Create a new room button.......................................skipped
And enter "78907433" in Room Number input...................................skipped
And select Suitoption from Room Type dropdown...............................skipped
And click on status checkbox................................................skipped
And enter "567 in Price input...............................................skipped
And enter "<Description>" in Description input..............................skipped
And click on Save button....................................................skipped
And click on Created Date...................................................skipped
Then assert that room is created via "78907433".............................skipped
Then close the application..................................................skipped
]]></system-out>
</testcase>
<testcase classname="Medunna Room Creation" name="Create Room - Example #1.3" time="12.854">
<failure/>
<system-out><![CDATA[
Given user is on "https://medunna.com" page.................................passed
When click on user icon.....................................................passed
And click on Sign In option.................................................passed
And enter "john_doe" in username input......................................passed
And enter "John.123" in password input......................................passed
And click on Remember Me checkbox...........................................passed
And click on Sign In submit button..........................................passed
When click on Items&Titles..................................................passed
And click on Room options...................................................undefined
And click on Create a new room button.......................................skipped
And enter "75690761" in Room Number input...................................skipped
And select Suitoption from Room Type dropdown...............................skipped
And click on status checkbox................................................skipped
And enter "543 in Price input...............................................skipped
And enter "<Description>" in Description input..............................skipped
And click on Save button....................................................skipped
And click on Created Date...................................................skipped
Then assert that room is created via "75690761".............................skipped
Then close the application..................................................skipped
]]></system-out>
</testcase>
<testcase classname="Medunna Room Creation" name="Create Room - Example #1.4" time="15.241">
<failure type="org.openqa.selenium.NoSuchElementException" message="no such element: Unable to locate element: {&quot;method&quot;:&quot;css selector&quot;,&quot;selector&quot;:&quot;#login\-item&quot;}
  (Session info: chrome=109.0.5414.119)
For documentation on this error, please visit: https://selenium.dev/exceptions/#no_such_element
Build info: version: '4.7.2', revision: '4d4020c3b7'
System info: os.name: 'Mac OS X', os.arch: 'x86_64', os.version: '12.6', java.version: '17.0.4.1'
Driver info: org.openqa.selenium.chrome.ChromeDriver
Command: [b8eaa39a8ff62a61c7ecaeb4a02c5ef0, findElement {using=id, value=login-item}]
Capabilities {acceptInsecureCerts: false, browserName: chrome, browserVersion: 109.0.5414.119, chrome: {chromedriverVersion: 109.0.5414.74 (e7c5703604da..., userDataDir: /var/folders/s0/pt2hy6412v3...}, goog:chromeOptions: {debuggerAddress: localhost:61463}, networkConnectionEnabled: false, pageLoadStrategy: normal, platformName: MAC, proxy: Proxy(), se:cdp: ws://localhost:61463/devtoo..., se:cdpVersion: 109.0.5414.119, setWindowRect: true, strictFileInteractability: false, timeouts: {implicit: 0, pageLoad: 300000, script: 30000}, unhandledPromptBehavior: dismiss and notify, webauthn:extension:credBlob: true, webauthn:extension:largeBlob: true, webauthn:virtualAuthenticators: true}
Session ID: b8eaa39a8ff62a61c7ecaeb4a02c5ef0">
<![CDATA[org.openqa.selenium.NoSuchElementException: no such element: Unable to locate element: {"method":"css selector","selector":"#login\-item"}
  (Session info: chrome=109.0.5414.119)
For documentation on this error, please visit: https://selenium.dev/exceptions/#no_such_element
Build info: version: '4.7.2', revision: '4d4020c3b7'
System info: os.name: 'Mac OS X', os.arch: 'x86_64', os.version: '12.6', java.version: '17.0.4.1'
Driver info: org.openqa.selenium.chrome.ChromeDriver
Command: [b8eaa39a8ff62a61c7ecaeb4a02c5ef0, findElement {using=id, value=login-item}]
Capabilities {acceptInsecureCerts: false, browserName: chrome, browserVersion: 109.0.5414.119, chrome: {chromedriverVersion: 109.0.5414.74 (e7c5703604da..., userDataDir: /var/folders/s0/pt2hy6412v3...}, goog:chromeOptions: {debuggerAddress: localhost:61463}, networkConnectionEnabled: false, pageLoadStrategy: normal, platformName: MAC, proxy: Proxy(), se:cdp: ws://localhost:61463/devtoo..., se:cdpVersion: 109.0.5414.119, setWindowRect: true, strictFileInteractability: false, timeouts: {implicit: 0, pageLoad: 300000, script: 30000}, unhandledPromptBehavior: dismiss and notify, webauthn:extension:credBlob: true, webauthn:extension:largeBlob: true, webauthn:virtualAuthenticators: true}
Session ID: b8eaa39a8ff62a61c7ecaeb4a02c5ef0
	at java.base/jdk.internal.reflect.NativeConstructorAccessorImpl.newInstance0(Native Method)
	at java.base/jdk.internal.reflect.NativeConstructorAccessorImpl.newInstance(NativeConstructorAccessorImpl.java:77)
	at java.base/jdk.internal.reflect.DelegatingConstructorAccessorImpl.newInstance(DelegatingConstructorAccessorImpl.java:45)
	at java.base/java.lang.reflect.Constructor.newInstanceWithCaller(Constructor.java:499)
	at java.base/java.lang.reflect.Constructor.newInstance(Constructor.java:480)
	at org.openqa.selenium.remote.codec.w3c.W3CHttpResponseCodec.createException(W3CHttpResponseCodec.java:200)
	at org.openqa.selenium.remote.codec.w3c.W3CHttpResponseCodec.decode(W3CHttpResponseCodec.java:133)
	at org.openqa.selenium.remote.codec.w3c.W3CHttpResponseCodec.decode(W3CHttpResponseCodec.java:53)
	at org.openqa.selenium.remote.HttpCommandExecutor.execute(HttpCommandExecutor.java:184)
	at org.openqa.selenium.remote.service.DriverCommandExecutor.invokeExecute(DriverCommandExecutor.java:167)
	at org.openqa.selenium.remote.service.DriverCommandExecutor.execute(DriverCommandExecutor.java:142)
	at org.openqa.selenium.remote.RemoteWebDriver.execute(RemoteWebDriver.java:535)
	at org.openqa.selenium.remote.ElementLocation$ElementFinder$2.findElement(ElementLocation.java:162)
	at org.openqa.selenium.remote.ElementLocation.findElement(ElementLocation.java:60)
	at org.openqa.selenium.remote.RemoteWebDriver.findElement(RemoteWebDriver.java:351)
	at org.openqa.selenium.remote.RemoteWebDriver.findElement(RemoteWebDriver.java:343)
	at org.openqa.selenium.support.pagefactory.DefaultElementLocator.findElement(DefaultElementLocator.java:70)
	at org.openqa.selenium.support.pagefactory.internal.LocatingElementHandler.invoke(LocatingElementHandler.java:39)
	at jdk.proxy2/jdk.proxy2.$Proxy25.click(Unknown Source)
	at stepdefinitions.MedunnaSignInStepDefs.click_on_sign_in_option(MedunnaSignInStepDefs.java:22)
	at ✽.click on Sign In option(file:///Users/elifkayaatsiz/IdeaProjects/my-cucumber-project/./src/test/resources/feautures/medunna_room.feature:7)
]]>
</failure>
<system-out><![CDATA[
Given user is on "https://medunna.com" page.................................passed
When click on user icon.....................................................passed
And click on Sign In option.................................................failed
And enter "john_doe" in username input......................................skipped
And enter "John.123" in password input......................................skipped
And click on Remember Me checkbox...........................................skipped
And click on Sign In submit button..........................................skipped
When click on Items&Titles..................................................skipped
And click on Room options...................................................skipped
And click on Create a new room button.......................................skipped
And enter "34600985" in Room Number input...................................skipped
And select Suitoption from Room Type dropdown...............................skipped
And click on status checkbox................................................skipped
And enter "222 in Price input...............................................skipped
And enter "<Description>" in Description input..............................skipped
And click on Save button....................................................skipped
And click on Created Date...................................................skipped
Then assert that room is created via "34600985".............................skipped
Then close the application..................................................skipped
]]></system-out>
</testcase>
</testsuite>
